<?xml version="1.0" encoding="UTF-8"?>
<!-- Generated by org.testng.reporters.JUnitXMLReporter -->
<testsuite hostname="LAPTOP-NJFUNEJK" ignored="1" name="Default test" tests="1" failures="0" timestamp="2021-12-07T09:04:26 IST" time="37.225" errors="0">
  <testcase name="ValidMobileNoTest" time="5.849" classname="com.testcases.LoginPageTest"/>
  <testcase name="validateTitleTest" time="0.0" classname="com.testcases.LoginPageTest">
    <ignored/>
  </testcase> <!-- validateTitleTest -->
</testsuite> <!-- Default test -->
